<?xml version="1.0" encoding="UTF-8" ?>
<testsuite tests="1" failures="0" name="com.jpmorgan.utils.StockFormulasTest" time="0.09" errors="1" skipped="0">
  <properties>
[...]
</properties>
  <testcase classname="com.jpmorgan.utils.StockFormulasTest" name="test" time="0.09">
    <error message="driverClass is null" type="org.dbunit.assertion.DbAssertionFailedError">org.dbunit.assertion.DbAssertionFailedError: driverClass is null
	at org.dbunit.assertion.DefaultFailureHandler$DefaultFailureFactory.createFailure(DefaultFailureHandler.java:279)
	at org.dbunit.assertion.DefaultFailureHandler.createFailure(DefaultFailureHandler.java:102)
	at org.dbunit.assertion.SimpleAssert.fail(SimpleAssert.java:90)
	at org.dbunit.assertion.SimpleAssert.assertTrue(SimpleAssert.java:77)
	at org.dbunit.assertion.SimpleAssert.assertNotNullNorEmpty(SimpleAssert.java:61)
	at org.dbunit.JdbcDatabaseTester.&lt;init&gt;(JdbcDatabaseTester.java:103)
	at org.dbunit.PropertiesBasedJdbcDatabaseTester.&lt;init&gt;(PropertiesBasedJdbcDatabaseTester.java:68)
	at org.dbunit.DBTestCase.newDatabaseTester(DBTestCase.java:70)
	at org.dbunit.DatabaseTestCase.getDatabaseTester(DatabaseTestCase.java:109)
	at org.dbunit.DatabaseTestCase.setUp(DatabaseTestCase.java:151)
	at junit.framework.TestCase.runBare(TestCase.java:139)
	at junit.framework.TestResult$1.protect(TestResult.java:122)
	at junit.framework.TestResult.runProtected(TestResult.java:142)
	at junit.framework.TestResult.run(TestResult.java:125)
	at junit.framework.TestCase.run(TestCase.java:129)
	at junit.framework.TestSuite.runTest(TestSuite.java:252)
	at junit.framework.TestSuite.run(TestSuite.java:247)
	at org.junit.internal.runners.JUnit38ClassRunner.run(JUnit38ClassRunner.java:86)
	at org.apache.maven.surefire.junit4.JUnit4Provider.execute(JUnit4Provider.java:252)
	at org.apache.maven.surefire.junit4.JUnit4Provider.executeTestSet(JUnit4Provider.java:141)
	at org.apache.maven.surefire.junit4.JUnit4Provider.invoke(JUnit4Provider.java:112)
	at sun.reflect.NativeMethodAccessorImpl.invoke0(Native Method)
	at sun.reflect.NativeMethodAccessorImpl.invoke(NativeMethodAccessorImpl.java:62)
	at sun.reflect.DelegatingMethodAccessorImpl.invoke(DelegatingMethodAccessorImpl.java:43)
	at java.lang.reflect.Method.invoke(Method.java:497)
	at org.apache.maven.surefire.util.ReflectionUtils.invokeMethodWithArray(ReflectionUtils.java:189)
	at org.apache.maven.surefire.booter.ProviderFactory$ProviderProxy.invoke(ProviderFactory.java:165)
	at org.apache.maven.surefire.booter.ProviderFactory.invokeProvider(ProviderFactory.java:85)
	at org.apache.maven.surefire.booter.ForkedBooter.runSuitesInProcess(ForkedBooter.java:115)
	at org.apache.maven.surefire.booter.ForkedBooter.main(ForkedBooter.java:75)
</error>
    <system-err>log4j:WARN No appenders could be found for logger (org.dbunit.DatabaseTestCase).
log4j:WARN Please initialize the log4j system properly.
log4j:WARN See http://logging.apache.org/log4j/1.2/faq.html#noconfig for more info.
</system-err>
  </testcase>
</testsuite>